<?xml version="1.0" encoding="UTF-8"?>
<!-- Generated by org.testng.reporters.JUnitXMLReporter -->
<testsuite ignored="0" hostname="LGDN15031" failures="1" tests="3" name="testBannersPage" time="680.36" errors="0" timestamp="08 Mar 2018 03:38:19 GMT">
  <testcase classname="testCase.BANNERS_TC004_VerifyThatUserCanUnpublishABanner" name="login" time="234.947"/>
  <testcase classname="testCase.BANNERS_TC005_VerifyThatUserCanArchiveABanner" name="login" time="162.203">
    <failure type="org.openqa.selenium.TimeoutException" message="Expected condition failed: waiting for presence of element located by: By.xpath: //input[@id=&amp;apos;jform_name&amp;apos;] (tried for 30 second(s) with 500 MILLISECONDS interval)">
      <![CDATA[org.openqa.selenium.TimeoutException: Expected condition failed: waiting for presence of element located by: By.xpath: //input[@id='jform_name'] (tried for 30 second(s) with 500 MILLISECONDS interval)at org.openqa.selenium.support.ui.WebDriverWait.timeoutException(WebDriverWait.java:82)at org.openqa.selenium.support.ui.FluentWait.until(FluentWait.java:231)at common.Configure.waitCondition(Configure.java:86)at common.CommonAction.sendkeys(CommonAction.java:158)at pageAction.NewBannersPageAction.inputName(NewBannersPageAction.java:26)at testCase.BANNERS_TC005_VerifyThatUserCanArchiveABanner.login(BANNERS_TC005_VerifyThatUserCanArchiveABanner.java:94)Caused by: org.openqa.selenium.NoSuchElementException: Cannot locate an element using By.xpath: //input[@id='jform_name']For documentation on this error, please visit: http://seleniumhq.org/exceptions/no_such_element.htmlBuild info: version: '3.8.0', revision: '924c4067df', time: '2017-11-30T11:20:39.408Z'System info: host: 'LGDN15031', ip: '192.168.191.228', os.name: 'Windows 7', os.arch: 'amd64', os.version: '6.1', java.version: '9.0.1'Driver info: driver.version: unknownat org.openqa.selenium.support.ui.ExpectedConditions.lambda$findElement$0(ExpectedConditions.java:882)at java.base/java.util.Optional.orElseThrow(Unknown Source)at org.openqa.selenium.support.ui.ExpectedConditions.findElement(ExpectedConditions.java:881)at org.openqa.selenium.support.ui.ExpectedConditions.access$000(ExpectedConditions.java:43)at org.openqa.selenium.support.ui.ExpectedConditions$6.apply(ExpectedConditions.java:182)at org.openqa.selenium.support.ui.ExpectedConditions$6.apply(ExpectedConditions.java:179)at org.openqa.selenium.support.ui.FluentWait.until(FluentWait.java:208)... 29 more... Removed 25 stack frames]]>
    </failure>
  </testcase> <!-- login -->
  <testcase classname="testCase.BANNERS_TC006_VerifyThatUserCanSendABannerToTrash" name="login" time="264.43"/>
</testsuite> <!-- testBannersPage -->
