<html>
<head>
<title>TestNG:  testBannersPage</title>
<link href="../testng.css" rel="stylesheet" type="text/css" />
<link href="../my-testng.css" rel="stylesheet" type="text/css" />

<style type="text/css">
.log { display: none;} 
.stack-trace { display: none;} 
</style>
<script type="text/javascript">
<!--
function flip(e) {
  current = e.style.display;
  if (current == 'block') {
    e.style.display = 'none';
    return 0;
  }
  else {
    e.style.display = 'block';
    return 1;
  }
}

function toggleBox(szDivId, elem, msg1, msg2)
{
  var res = -1;  if (document.getElementById) {
    res = flip(document.getElementById(szDivId));
  }
  else if (document.all) {
    // this is the way old msie versions work
    res = flip(document.all[szDivId]);
  }
  if(elem) {
    if(res == 0) elem.innerHTML = msg1; else elem.innerHTML = msg2;
  }

}

function toggleAllBoxes() {
  if (document.getElementsByTagName) {
    d = document.getElementsByTagName('div');
    for (i = 0; i < d.length; i++) {
      if (d[i].className == 'log') {
        flip(d[i]);
      }
    }
  }
}

// -->
</script>

</head>
<body>
<h2 align='center'>testBannersPage</h2><table border='1' align="center">
<tr>
<td>Tests passed/Failed/Skipped:</td><td>2/1/0</td>
</tr><tr>
<td>Started on:</td><td>Thu Mar 08 10:26:58 ICT 2018</td>
</tr>
<tr><td>Total time:</td><td>680 seconds (680360 ms)</td>
</tr><tr>
<td>Included groups:</td><td></td>
</tr><tr>
<td>Excluded groups:</td><td></td>
</tr>
</table><p/>
<small><i>(Hover the method name to see the test class name)</i></small><p/>
<table width='100%' border='1' class='invocation-failed'>
<tr><td colspan='4' align='center'><b>FAILED TESTS</b></td></tr>
<tr><td><b>Test method</b></td>
<td width="30%"><b>Exception</b></td>
<td width="10%"><b>Time (seconds)</b></td>
<td><b>Instance</b></td>
</tr>
<tr>
<td title='testCase.BANNERS_TC005_VerifyThatUserCanArchiveABanner.login()'><b>login</b><br>Test class: testCase.BANNERS_TC005_VerifyThatUserCanArchiveABanner<br>Parameters: http://192.168.188.150/joomla/administrator/, diempham, diempham, Client Test 1520479860246, Mr John, John@gmail.com, Category Test 1520479860246, Banner Test 1520479860246, Category Test 1520479860246</td>
<td><div><pre>org.openqa.selenium.TimeoutException: Expected condition failed: waiting for presence of element located by: By.xpath: //input[@id=&apos;jform_name&apos;] (tried for 30 second(s) with 500 MILLISECONDS interval)
	at org.openqa.selenium.support.ui.WebDriverWait.timeoutException(WebDriverWait.java:82)
	at org.openqa.selenium.support.ui.FluentWait.until(FluentWait.java:231)
	at common.Configure.waitCondition(Configure.java:86)
	at common.CommonAction.sendkeys(CommonAction.java:158)
	at pageAction.NewBannersPageAction.inputName(NewBannersPageAction.java:26)
	at testCase.BANNERS_TC005_VerifyThatUserCanArchiveABanner.login(BANNERS_TC005_VerifyThatUserCanArchiveABanner.java:94)
Caused by: org.openqa.selenium.NoSuchElementException: Cannot locate an element using By.xpath: //input[@id=&apos;jform_name&apos;]
For documentation on this error, please visit: http://seleniumhq.org/exceptions/no_such_element.html
Build info: version: &apos;3.8.0&apos;, revision: &apos;924c4067df&apos;, time: &apos;2017-11-30T11:20:39.408Z&apos;
System info: host: &apos;LGDN15031&apos;, ip: &apos;192.168.191.228&apos;, os.name: &apos;Windows 7&apos;, os.arch: &apos;amd64&apos;, os.version: &apos;6.1&apos;, java.version: &apos;9.0.1&apos;
Driver info: driver.version: unknown
	at org.openqa.selenium.support.ui.ExpectedConditions.lambda$findElement$0(ExpectedConditions.java:882)
	at java.base/java.util.Optional.orElseThrow(Unknown Source)
	at org.openqa.selenium.support.ui.ExpectedConditions.findElement(ExpectedConditions.java:881)
	at org.openqa.selenium.support.ui.ExpectedConditions.access$000(ExpectedConditions.java:43)
	at org.openqa.selenium.support.ui.ExpectedConditions$6.apply(ExpectedConditions.java:182)
	at org.openqa.selenium.support.ui.ExpectedConditions$6.apply(ExpectedConditions.java:179)
	at org.openqa.selenium.support.ui.FluentWait.until(FluentWait.java:208)
	... 29 more
... Removed 25 stack frames</pre></div><a href='#' onClick='toggleBox("stack-trace1620187937", this, "Click to show all stack frames", "Click to hide stack frames")'>Click to show all stack frames</a>
<div class='stack-trace' id='stack-trace1620187937'><pre>org.openqa.selenium.TimeoutException: Expected condition failed: waiting for presence of element located by: By.xpath: //input[@id=&apos;jform_name&apos;] (tried for 30 second(s) with 500 MILLISECONDS interval)
	at org.openqa.selenium.support.ui.WebDriverWait.timeoutException(WebDriverWait.java:82)
	at org.openqa.selenium.support.ui.FluentWait.until(FluentWait.java:231)
	at common.Configure.waitCondition(Configure.java:86)
	at common.CommonAction.sendkeys(CommonAction.java:158)
	at pageAction.NewBannersPageAction.inputName(NewBannersPageAction.java:26)
	at testCase.BANNERS_TC005_VerifyThatUserCanArchiveABanner.login(BANNERS_TC005_VerifyThatUserCanArchiveABanner.java:94)
	at java.base/jdk.internal.reflect.NativeMethodAccessorImpl.invoke0(Native Method)
	at java.base/jdk.internal.reflect.NativeMethodAccessorImpl.invoke(Unknown Source)
	at java.base/jdk.internal.reflect.DelegatingMethodAccessorImpl.invoke(Unknown Source)
	at java.base/java.lang.reflect.Method.invoke(Unknown Source)
	at org.testng.internal.MethodInvocationHelper.invokeMethod(MethodInvocationHelper.java:124)
	at org.testng.internal.Invoker.invokeMethod(Invoker.java:571)
	at org.testng.internal.Invoker.invokeTestMethod(Invoker.java:707)
	at org.testng.internal.Invoker.invokeTestMethods(Invoker.java:979)
	at org.testng.internal.TestMethodWorker.invokeTestMethods(TestMethodWorker.java:125)
	at org.testng.internal.TestMethodWorker.run(TestMethodWorker.java:109)
	at org.testng.TestRunner.privateRun(TestRunner.java:648)
	at org.testng.TestRunner.run(TestRunner.java:505)
	at org.testng.SuiteRunner.runTest(SuiteRunner.java:455)
	at org.testng.SuiteRunner.runSequentially(SuiteRunner.java:450)
	at org.testng.SuiteRunner.privateRun(SuiteRunner.java:415)
	at org.testng.SuiteRunner.run(SuiteRunner.java:364)
	at org.testng.SuiteRunnerWorker.runSuite(SuiteRunnerWorker.java:52)
	at org.testng.SuiteRunnerWorker.run(SuiteRunnerWorker.java:84)
	at org.testng.TestNG.runSuitesSequentially(TestNG.java:1187)
	at org.testng.TestNG.runSuitesLocally(TestNG.java:1116)
	at org.testng.TestNG.runSuites(TestNG.java:1028)
	at org.testng.TestNG.run(TestNG.java:996)
	at org.testng.remote.AbstractRemoteTestNG.run(AbstractRemoteTestNG.java:114)
	at org.testng.remote.RemoteTestNG.initAndRun(RemoteTestNG.java:251)
	at org.testng.remote.RemoteTestNG.main(RemoteTestNG.java:77)
Caused by: org.openqa.selenium.NoSuchElementException: Cannot locate an element using By.xpath: //input[@id=&apos;jform_name&apos;]
For documentation on this error, please visit: http://seleniumhq.org/exceptions/no_such_element.html
Build info: version: &apos;3.8.0&apos;, revision: &apos;924c4067df&apos;, time: &apos;2017-11-30T11:20:39.408Z&apos;
System info: host: &apos;LGDN15031&apos;, ip: &apos;192.168.191.228&apos;, os.name: &apos;Windows 7&apos;, os.arch: &apos;amd64&apos;, os.version: &apos;6.1&apos;, java.version: &apos;9.0.1&apos;
Driver info: driver.version: unknown
	at org.openqa.selenium.support.ui.ExpectedConditions.lambda$findElement$0(ExpectedConditions.java:882)
	at java.base/java.util.Optional.orElseThrow(Unknown Source)
	at org.openqa.selenium.support.ui.ExpectedConditions.findElement(ExpectedConditions.java:881)
	at org.openqa.selenium.support.ui.ExpectedConditions.access$000(ExpectedConditions.java:43)
	at org.openqa.selenium.support.ui.ExpectedConditions$6.apply(ExpectedConditions.java:182)
	at org.openqa.selenium.support.ui.ExpectedConditions$6.apply(ExpectedConditions.java:179)
	at org.openqa.selenium.support.ui.FluentWait.until(FluentWait.java:208)
	... 29 more
</pre></div></td>
<td>162</td>
<td>testCase.BANNERS_TC005_VerifyThatUserCanArchiveABanner@76f2bbc1</td></tr>
</table><p>
<table width='100%' border='1' class='invocation-passed'>
<tr><td colspan='4' align='center'><b>PASSED TESTS</b></td></tr>
<tr><td><b>Test method</b></td>
<td width="30%"><b>Exception</b></td>
<td width="10%"><b>Time (seconds)</b></td>
<td><b>Instance</b></td>
</tr>
<tr>
<td title='testCase.BANNERS_TC004_VerifyThatUserCanUnpublishABanner.login()'><b>login</b><br>Test class: testCase.BANNERS_TC004_VerifyThatUserCanUnpublishABanner<br>Parameters: http://192.168.188.150/joomla/administrator/, diempham, diempham, Client Test 1520479618973, Mr John, John@gmail.com, Category Test 1520479618973, Banner Test 1520479618973, Category Test 1520479618973<br/>
<a href="#Output-2041996211" onClick='toggleBox("Output-2041996211", this, "Show output", "Hide output");'>Show output</a>

<a href="#Output-2041996211" onClick="toggleAllBoxes();">Show all outputs</a>
<div class='log' id="Output-2041996211">
Verify that user can unpublish a banner<br/>
</div>
</td>
<td></td>
<td>234</td>
<td>testCase.BANNERS_TC004_VerifyThatUserCanUnpublishABanner@8317c52</td></tr>
<tr>
<td title='testCase.BANNERS_TC006_VerifyThatUserCanSendABannerToTrash.login()'><b>login</b><br>Test class: testCase.BANNERS_TC006_VerifyThatUserCanSendABannerToTrash<br>Parameters: http://192.168.188.150/joomla/administrator/, diempham, diempham, Client Test 1520480028477, Mr John, John@gmail.com, Category Test 1520480028478, Banner Test 1520480028478, Category Test 1520480028478<br/>
<a href="#Output-1206180304" onClick='toggleBox("Output-1206180304", this, "Show output", "Hide output");'>Show output</a>

<a href="#Output-1206180304" onClick="toggleAllBoxes();">Show all outputs</a>
<div class='log' id="Output-1206180304">
Verify that user can send a banner to trash<br/>
</div>
</td>
<td></td>
<td>264</td>
<td>testCase.BANNERS_TC006_VerifyThatUserCanSendABannerToTrash@68e965f5</td></tr>
</table><p>
</body>
</html>