<?xml version="1.0" encoding="UTF-8"?>
<testng-results ignored="0" total="3" passed="2" failed="1" skipped="0">
  <reporter-output>
    <line>
      <![CDATA[Verify that user can unpublish a banner]]>
    </line>
    <line>
      <![CDATA[Verify that user can send a banner to trash]]>
    </line>
  </reporter-output>
  <suite started-at="2018-03-08T03:26:58Z" name="Test-Suite" finished-at="2018-03-08T03:38:19Z" duration-ms="680360">
    <groups>
    </groups>
    <test started-at="2018-03-08T03:26:58Z" name="testBannersPage" finished-at="2018-03-08T03:38:19Z" duration-ms="680360">
      <class name="testCase.BANNERS_TC006_VerifyThatUserCanSendABannerToTrash">
        <test-method is-config="true" signature="beforeMethod(java.lang.String, java.lang.String, java.lang.String)[pri:0, instance:testCase.BANNERS_TC006_VerifyThatUserCanSendABannerToTrash@68e965f5]" started-at="2018-03-08T10:33:48Z" name="beforeMethod" finished-at="2018-03-08T10:33:54Z" duration-ms="5876" status="PASS">
          <params>
            <param index="0">
              <value>
                <![CDATA[IE]]>
              </value>
            </param>
            <param index="1">
              <value>
                <![CDATA[20]]>
              </value>
            </param>
            <param index="2">
              <value>
                <![CDATA[20]]>
              </value>
            </param>
          </params>
          <reporter-output>
          </reporter-output>
        </test-method> <!-- beforeMethod -->
        <test-method signature="login(java.lang.String, java.lang.String, java.lang.String, java.lang.String, java.lang.String, java.lang.String, java.lang.String, java.lang.String, java.lang.String)[pri:0, instance:testCase.BANNERS_TC006_VerifyThatUserCanSendABannerToTrash@68e965f5]" started-at="2018-03-08T10:33:54Z" name="login" data-provider="Authentication" finished-at="2018-03-08T10:38:18Z" duration-ms="264430" status="PASS">
          <params>
            <param index="0">
              <value>
                <![CDATA[http://192.168.188.150/joomla/administrator/]]>
              </value>
            </param>
            <param index="1">
              <value>
                <![CDATA[diempham]]>
              </value>
            </param>
            <param index="2">
              <value>
                <![CDATA[diempham]]>
              </value>
            </param>
            <param index="3">
              <value>
                <![CDATA[Client Test 1520480028477]]>
              </value>
            </param>
            <param index="4">
              <value>
                <![CDATA[Mr John]]>
              </value>
            </param>
            <param index="5">
              <value>
                <![CDATA[John@gmail.com]]>
              </value>
            </param>
            <param index="6">
              <value>
                <![CDATA[Category Test 1520480028478]]>
              </value>
            </param>
            <param index="7">
              <value>
                <![CDATA[Banner Test 1520480028478]]>
              </value>
            </param>
            <param index="8">
              <value>
                <![CDATA[Category Test 1520480028478]]>
              </value>
            </param>
          </params>
          <reporter-output>
            <line>
              <![CDATA[Verify that user can send a banner to trash]]>
            </line>
          </reporter-output>
        </test-method> <!-- login -->
        <test-method is-config="true" signature="afterMethod()[pri:0, instance:testCase.BANNERS_TC006_VerifyThatUserCanSendABannerToTrash@68e965f5]" started-at="2018-03-08T10:38:18Z" name="afterMethod" finished-at="2018-03-08T10:38:19Z" duration-ms="530" status="PASS">
          <reporter-output>
          </reporter-output>
        </test-method> <!-- afterMethod -->
      </class> <!-- testCase.BANNERS_TC006_VerifyThatUserCanSendABannerToTrash -->
      <class name="testCase.BANNERS_TC004_VerifyThatUserCanUnpublishABanner">
        <test-method is-config="true" signature="beforeMethod(java.lang.String, java.lang.String, java.lang.String)[pri:0, instance:testCase.BANNERS_TC004_VerifyThatUserCanUnpublishABanner@8317c52]" started-at="2018-03-08T10:26:58Z" name="beforeMethod" finished-at="2018-03-08T10:27:04Z" duration-ms="5767" status="PASS">
          <params>
            <param index="0">
              <value>
                <![CDATA[IE]]>
              </value>
            </param>
            <param index="1">
              <value>
                <![CDATA[20]]>
              </value>
            </param>
            <param index="2">
              <value>
                <![CDATA[20]]>
              </value>
            </param>
          </params>
          <reporter-output>
          </reporter-output>
        </test-method> <!-- beforeMethod -->
        <test-method signature="login(java.lang.String, java.lang.String, java.lang.String, java.lang.String, java.lang.String, java.lang.String, java.lang.String, java.lang.String, java.lang.String)[pri:0, instance:testCase.BANNERS_TC004_VerifyThatUserCanUnpublishABanner@8317c52]" started-at="2018-03-08T10:27:04Z" name="login" data-provider="Authentication" finished-at="2018-03-08T10:30:59Z" duration-ms="234947" status="PASS">
          <params>
            <param index="0">
              <value>
                <![CDATA[http://192.168.188.150/joomla/administrator/]]>
              </value>
            </param>
            <param index="1">
              <value>
                <![CDATA[diempham]]>
              </value>
            </param>
            <param index="2">
              <value>
                <![CDATA[diempham]]>
              </value>
            </param>
            <param index="3">
              <value>
                <![CDATA[Client Test 1520479618973]]>
              </value>
            </param>
            <param index="4">
              <value>
                <![CDATA[Mr John]]>
              </value>
            </param>
            <param index="5">
              <value>
                <![CDATA[John@gmail.com]]>
              </value>
            </param>
            <param index="6">
              <value>
                <![CDATA[Category Test 1520479618973]]>
              </value>
            </param>
            <param index="7">
              <value>
                <![CDATA[Banner Test 1520479618973]]>
              </value>
            </param>
            <param index="8">
              <value>
                <![CDATA[Category Test 1520479618973]]>
              </value>
            </param>
          </params>
          <reporter-output>
            <line>
              <![CDATA[Verify that user can unpublish a banner]]>
            </line>
          </reporter-output>
        </test-method> <!-- login -->
        <test-method is-config="true" signature="afterMethod()[pri:0, instance:testCase.BANNERS_TC004_VerifyThatUserCanUnpublishABanner@8317c52]" started-at="2018-03-08T10:30:59Z" name="afterMethod" finished-at="2018-03-08T10:31:00Z" duration-ms="536" status="PASS">
          <reporter-output>
          </reporter-output>
        </test-method> <!-- afterMethod -->
      </class> <!-- testCase.BANNERS_TC004_VerifyThatUserCanUnpublishABanner -->
      <class name="testCase.BANNERS_TC005_VerifyThatUserCanArchiveABanner">
        <test-method is-config="true" signature="beforeMethod(java.lang.String, java.lang.String, java.lang.String)[pri:0, instance:testCase.BANNERS_TC005_VerifyThatUserCanArchiveABanner@76f2bbc1]" started-at="2018-03-08T10:31:00Z" name="beforeMethod" finished-at="2018-03-08T10:31:05Z" duration-ms="5458" status="PASS">
          <params>
            <param index="0">
              <value>
                <![CDATA[IE]]>
              </value>
            </param>
            <param index="1">
              <value>
                <![CDATA[20]]>
              </value>
            </param>
            <param index="2">
              <value>
                <![CDATA[20]]>
              </value>
            </param>
          </params>
          <reporter-output>
          </reporter-output>
        </test-method> <!-- beforeMethod -->
        <test-method signature="login(java.lang.String, java.lang.String, java.lang.String, java.lang.String, java.lang.String, java.lang.String, java.lang.String, java.lang.String, java.lang.String)[pri:0, instance:testCase.BANNERS_TC005_VerifyThatUserCanArchiveABanner@76f2bbc1]" started-at="2018-03-08T10:31:05Z" name="login" data-provider="Authentication" finished-at="2018-03-08T10:33:47Z" duration-ms="162203" status="FAIL">
          <params>
            <param index="0">
              <value>
                <![CDATA[http://192.168.188.150/joomla/administrator/]]>
              </value>
            </param>
            <param index="1">
              <value>
                <![CDATA[diempham]]>
              </value>
            </param>
            <param index="2">
              <value>
                <![CDATA[diempham]]>
              </value>
            </param>
            <param index="3">
              <value>
                <![CDATA[Client Test 1520479860246]]>
              </value>
            </param>
            <param index="4">
              <value>
                <![CDATA[Mr John]]>
              </value>
            </param>
            <param index="5">
              <value>
                <![CDATA[John@gmail.com]]>
              </value>
            </param>
            <param index="6">
              <value>
                <![CDATA[Category Test 1520479860246]]>
              </value>
            </param>
            <param index="7">
              <value>
                <![CDATA[Banner Test 1520479860246]]>
              </value>
            </param>
            <param index="8">
              <value>
                <![CDATA[Category Test 1520479860246]]>
              </value>
            </param>
          </params>
          <exception class="org.openqa.selenium.TimeoutException">
            <message>
              <![CDATA[Expected condition failed: waiting for presence of element located by: By.xpath: //input[@id='jform_name'] (tried for 30 second(s) with 500 MILLISECONDS interval)]]>
            </message>
            <full-stacktrace>
              <![CDATA[org.openqa.selenium.TimeoutException: Expected condition failed: waiting for presence of element located by: By.xpath: //input[@id='jform_name'] (tried for 30 second(s) with 500 MILLISECONDS interval)at org.openqa.selenium.support.ui.WebDriverWait.timeoutException(WebDriverWait.java:82)at org.openqa.selenium.support.ui.FluentWait.until(FluentWait.java:231)at common.Configure.waitCondition(Configure.java:86)at common.CommonAction.sendkeys(CommonAction.java:158)at pageAction.NewBannersPageAction.inputName(NewBannersPageAction.java:26)at testCase.BANNERS_TC005_VerifyThatUserCanArchiveABanner.login(BANNERS_TC005_VerifyThatUserCanArchiveABanner.java:94)at java.base/jdk.internal.reflect.NativeMethodAccessorImpl.invoke0(Native Method)at java.base/jdk.internal.reflect.NativeMethodAccessorImpl.invoke(Unknown Source)at java.base/jdk.internal.reflect.DelegatingMethodAccessorImpl.invoke(Unknown Source)at java.base/java.lang.reflect.Method.invoke(Unknown Source)at org.testng.internal.MethodInvocationHelper.invokeMethod(MethodInvocationHelper.java:124)at org.testng.internal.Invoker.invokeMethod(Invoker.java:571)at org.testng.internal.Invoker.invokeTestMethod(Invoker.java:707)at org.testng.internal.Invoker.invokeTestMethods(Invoker.java:979)at org.testng.internal.TestMethodWorker.invokeTestMethods(TestMethodWorker.java:125)at org.testng.internal.TestMethodWorker.run(TestMethodWorker.java:109)at org.testng.TestRunner.privateRun(TestRunner.java:648)at org.testng.TestRunner.run(TestRunner.java:505)at org.testng.SuiteRunner.runTest(SuiteRunner.java:455)at org.testng.SuiteRunner.runSequentially(SuiteRunner.java:450)at org.testng.SuiteRunner.privateRun(SuiteRunner.java:415)at org.testng.SuiteRunner.run(SuiteRunner.java:364)at org.testng.SuiteRunnerWorker.runSuite(SuiteRunnerWorker.java:52)at org.testng.SuiteRunnerWorker.run(SuiteRunnerWorker.java:84)at org.testng.TestNG.runSuitesSequentially(TestNG.java:1187)at org.testng.TestNG.runSuitesLocally(TestNG.java:1116)at org.testng.TestNG.runSuites(TestNG.java:1028)at org.testng.TestNG.run(TestNG.java:996)at org.testng.remote.AbstractRemoteTestNG.run(AbstractRemoteTestNG.java:114)at org.testng.remote.RemoteTestNG.initAndRun(RemoteTestNG.java:251)at org.testng.remote.RemoteTestNG.main(RemoteTestNG.java:77)Caused by: org.openqa.selenium.NoSuchElementException: Cannot locate an element using By.xpath: //input[@id='jform_name']For documentation on this error, please visit: http://seleniumhq.org/exceptions/no_such_element.htmlBuild info: version: '3.8.0', revision: '924c4067df', time: '2017-11-30T11:20:39.408Z'System info: host: 'LGDN15031', ip: '192.168.191.228', os.name: 'Windows 7', os.arch: 'amd64', os.version: '6.1', java.version: '9.0.1'Driver info: driver.version: unknownat org.openqa.selenium.support.ui.ExpectedConditions.lambda$findElement$0(ExpectedConditions.java:882)at java.base/java.util.Optional.orElseThrow(Unknown Source)at org.openqa.selenium.support.ui.ExpectedConditions.findElement(ExpectedConditions.java:881)at org.openqa.selenium.support.ui.ExpectedConditions.access$000(ExpectedConditions.java:43)at org.openqa.selenium.support.ui.ExpectedConditions$6.apply(ExpectedConditions.java:182)at org.openqa.selenium.support.ui.ExpectedConditions$6.apply(ExpectedConditions.java:179)at org.openqa.selenium.support.ui.FluentWait.until(FluentWait.java:208)... 29 more]]>
            </full-stacktrace>
          </exception> <!-- org.openqa.selenium.TimeoutException -->
          <reporter-output>
          </reporter-output>
        </test-method> <!-- login -->
        <test-method is-config="true" signature="afterMethod()[pri:0, instance:testCase.BANNERS_TC005_VerifyThatUserCanArchiveABanner@76f2bbc1]" started-at="2018-03-08T10:33:47Z" name="afterMethod" finished-at="2018-03-08T10:33:48Z" duration-ms="542" status="PASS">
          <reporter-output>
          </reporter-output>
        </test-method> <!-- afterMethod -->
      </class> <!-- testCase.BANNERS_TC005_VerifyThatUserCanArchiveABanner -->
    </test> <!-- testBannersPage -->
  </suite> <!-- Test-Suite -->
</testng-results>
