<?xml version="1.0" encoding="UTF-8"?>
<!-- Generated by org.testng.reporters.JUnitReportReporter -->
<testsuite hostname="LGDN15031" failures="0" tests="1" name="testCase.BANNERS_TC02_VerifyThatUserCanEditABanner" time="45.742" errors="1" timestamp="09 Feb 2018 09:49:48 GMT" skipped="0">
  <testcase classname="testCase.BANNERS_TC02_VerifyThatUserCanEditABanner" name="login" time="45.742">
    <error message="Expected condition failed: waiting for element to be clickable: By.xpath: //ul[@id=&#039;menu&#039;]//a[normalize-space(text())=&#039;Components&#039;]//ancestor::ul//a[@class=&#039;dropdown-toggle menu-banners&#039; and normalize-space(text())=&#039;Banners&#039;]//ancestor::div[@class=&#039;nav-collapse collapse&#039;]//ul[@id=&#039;nav-empty&#039;]//a[normalize-space(text())=&#039;Clients&#039;]
		 (tried for 30 second(s) with 500 MILLISECONDS interval)" type="org.openqa.selenium.TimeoutException">
      <![CDATA[org.openqa.selenium.TimeoutException: Expected condition failed: waiting for element to be clickable: By.xpath: //ul[@id='menu']//a[normalize-space(text())='Components']//ancestor::ul//a[@class='dropdown-toggle menu-banners' and normalize-space(text())='Banners']//ancestor::div[@class='nav-collapse collapse']//ul[@id='nav-empty']//a[normalize-space(text())='Clients'] (tried for 30 second(s) with 500 MILLISECONDS interval)at org.openqa.selenium.support.ui.WebDriverWait.timeoutException(WebDriverWait.java:82)at org.openqa.selenium.support.ui.FluentWait.until(FluentWait.java:231)at common.Configure.waitCondition(Configure.java:88)at common.CommonAction.click(CommonAction.java:61)at pageAction.IndexPageAction.openPanel1(IndexPageAction.java:68)at pageAction.IndexPageAction.openPage(IndexPageAction.java:102)at testCase.BANNERS_TC02_VerifyThatUserCanEditABanner.login(BANNERS_TC02_VerifyThatUserCanEditABanner.java:52)at java.base/jdk.internal.reflect.NativeMethodAccessorImpl.invoke0(Native Method)at java.base/jdk.internal.reflect.NativeMethodAccessorImpl.invoke(Unknown Source)at java.base/jdk.internal.reflect.DelegatingMethodAccessorImpl.invoke(Unknown Source)at java.base/java.lang.reflect.Method.invoke(Unknown Source)at org.testng.internal.MethodInvocationHelper.invokeMethod(MethodInvocationHelper.java:124)at org.testng.internal.Invoker.invokeMethod(Invoker.java:571)at org.testng.internal.Invoker.invokeTestMethod(Invoker.java:707)at org.testng.internal.Invoker.invokeTestMethods(Invoker.java:979)at org.testng.internal.TestMethodWorker.invokeTestMethods(TestMethodWorker.java:125)at org.testng.internal.TestMethodWorker.run(TestMethodWorker.java:109)at org.testng.TestRunner.privateRun(TestRunner.java:648)at org.testng.TestRunner.run(TestRunner.java:505)at org.testng.SuiteRunner.runTest(SuiteRunner.java:455)at org.testng.SuiteRunner.runSequentially(SuiteRunner.java:450)at org.testng.SuiteRunner.privateRun(SuiteRunner.java:415)at org.testng.SuiteRunner.run(SuiteRunner.java:364)at org.testng.SuiteRunnerWorker.runSuite(SuiteRunnerWorker.java:52)at org.testng.SuiteRunnerWorker.run(SuiteRunnerWorker.java:84)at org.testng.TestNG.runSuitesSequentially(TestNG.java:1187)at org.testng.TestNG.runSuitesLocally(TestNG.java:1116)at org.testng.TestNG.runSuites(TestNG.java:1028)at org.testng.TestNG.run(TestNG.java:996)at org.testng.remote.AbstractRemoteTestNG.run(AbstractRemoteTestNG.java:114)at org.testng.remote.RemoteTestNG.initAndRun(RemoteTestNG.java:251)at org.testng.remote.RemoteTestNG.main(RemoteTestNG.java:77)Caused by: org.openqa.selenium.NoSuchElementException: Cannot locate an element using By.xpath: //ul[@id='menu']//a[normalize-space(text())='Components']//ancestor::ul//a[@class='dropdown-toggle menu-banners' and normalize-space(text())='Banners']//ancestor::div[@class='nav-collapse collapse']//ul[@id='nav-empty']//a[normalize-space(text())='Clients']For documentation on this error, please visit: http://seleniumhq.org/exceptions/no_such_element.htmlBuild info: version: '3.8.1', revision: '6e95a6684b', time: '2017-12-01T18:33:54.468Z'System info: host: 'LGDN15031', ip: '192.168.191.228', os.name: 'Windows 7', os.arch: 'amd64', os.version: '6.1', java.version: '9.0.1'Driver info: driver.version: unknownat org.openqa.selenium.support.ui.ExpectedConditions.lambda$findElement$0(ExpectedConditions.java:882)at java.base/java.util.Optional.orElseThrow(Unknown Source)at org.openqa.selenium.support.ui.ExpectedConditions.findElement(ExpectedConditions.java:881)at org.openqa.selenium.support.ui.ExpectedConditions.access$000(ExpectedConditions.java:43)at org.openqa.selenium.support.ui.ExpectedConditions$7.apply(ExpectedConditions.java:205)at org.openqa.selenium.support.ui.ExpectedConditions$7.apply(ExpectedConditions.java:201)at org.openqa.selenium.support.ui.ExpectedConditions$22.apply(ExpectedConditions.java:643)at org.openqa.selenium.support.ui.ExpectedConditions$22.apply(ExpectedConditions.java:640)at org.openqa.selenium.support.ui.FluentWait.until(FluentWait.java:208)... 30 more]]>
    </error>
  </testcase> <!-- login -->
</testsuite> <!-- testCase.BANNERS_TC02_VerifyThatUserCanEditABanner -->
